<?xml version="1.0" encoding="UTF-8"?>
<!-- Generated by org.testng.reporters.JUnitXMLReporter -->
<testsuite ignored="0" hostname="LAPTOP-9MF56294" failures="1" tests="1" name="Test" time="5.728" errors="0" timestamp="2022-07-04T11:05:12 EDT">
  <testcase classname="testCases.TC_001_AccountRegistration" name="test_accout_Registration" time="3.366">
    <failure type="java.lang.AssertionError" message="null">
      <![CDATA[java.lang.AssertionError: null
at testCases.TC_001_AccountRegistration.test_accout_Registration(TC_001_AccountRegistration.java:77)
at java.base/java.util.ArrayList.forEach(ArrayList.java:1511)
... Removed 29 stack frames]]>
    </failure>
  </testcase> <!-- test_accout_Registration -->
</testsuite> <!-- Test -->
